{"C:\\Users\\олег\\Desktop\\1\\1\\JavaScriptHomeWork5\\index.js": {"path":"C:\\Users\\олег\\Desktop\\1\\1\\JavaScriptHomeWork5\\index.js","statementMap":{"0":{"start":{"line":1,"column":13},"end":{"line":1,"column":62}},"1":{"start":{"line":2,"column":13},"end":{"line":2,"column":62}},"2":{"start":{"line":5,"column":2},"end":{"line":5,"column":25}},"3":{"start":{"line":8,"column":0},"end":{"line":8,"column":21}}},"fnMap":{"0":{"name":"sum","decl":{"start":{"line":4,"column":9},"end":{"line":4,"column":12}},"loc":{"start":{"line":4,"column":15},"end":{"line":6,"column":1}},"line":4}},"branchMap":{},"s":{"0":1,"1":1,"2":1,"3":1},"f":{"0":1},"b":{},"_coverageSchema":"43e27e138ebf9cfc5966b082cf9a028302ed4184","hash":"dfa6fc2e20ed51a5df787d5901c262c4de6b5e9b"}
}
